<?xml version="1.0" encoding="UTF-8"?>
<testsuite name="com.greenfoxacademy.webshop.WebshopApplicationTests" tests="1" skipped="0" failures="0" errors="0" timestamp="2021-04-26T12:52:24" hostname="DORKA-HP-250-G7-Notebook-PC" time="0.136">
  <properties/>
  <testcase name="contextLoads()" classname="com.greenfoxacademy.webshop.WebshopApplicationTests" time="0.136"/>
  <system-out><![CDATA[14:52:19.603 [Test worker] DEBUG org.springframework.test.context.BootstrapUtils - Instantiating CacheAwareContextLoaderDelegate from class [org.springframework.test.context.cache.DefaultCacheAwareContextLoaderDelegate]
14:52:19.624 [Test worker] DEBUG org.springframework.test.context.BootstrapUtils - Instantiating BootstrapContext using constructor [public org.springframework.test.context.support.DefaultBootstrapContext(java.lang.Class,org.springframework.test.context.CacheAwareContextLoaderDelegate)]
14:52:19.675 [Test worker] DEBUG org.springframework.test.context.BootstrapUtils - Instantiating TestContextBootstrapper for test class [com.greenfoxacademy.webshop.WebshopApplicationTests] from class [org.springframework.boot.test.context.SpringBootTestContextBootstrapper]
14:52:19.692 [Test worker] INFO org.springframework.boot.test.context.SpringBootTestContextBootstrapper - Neither @ContextConfiguration nor @ContextHierarchy found for test class [com.greenfoxacademy.webshop.WebshopApplicationTests], using SpringBootContextLoader
14:52:19.699 [Test worker] DEBUG org.springframework.test.context.support.AbstractContextLoader - Did not detect default resource location for test class [com.greenfoxacademy.webshop.WebshopApplicationTests]: class path resource [com/greenfoxacademy/webshop/WebshopApplicationTests-context.xml] does not exist
14:52:19.700 [Test worker] DEBUG org.springframework.test.context.support.AbstractContextLoader - Did not detect default resource location for test class [com.greenfoxacademy.webshop.WebshopApplicationTests]: class path resource [com/greenfoxacademy/webshop/WebshopApplicationTestsContext.groovy] does not exist
14:52:19.701 [Test worker] INFO org.springframework.test.context.support.AbstractContextLoader - Could not detect default resource locations for test class [com.greenfoxacademy.webshop.WebshopApplicationTests]: no resource found for suffixes {-context.xml, Context.groovy}.
14:52:19.702 [Test worker] INFO org.springframework.test.context.support.AnnotationConfigContextLoaderUtils - Could not detect default configuration classes for test class [com.greenfoxacademy.webshop.WebshopApplicationTests]: WebshopApplicationTests does not declare any static, non-private, non-final, nested classes annotated with @Configuration.
14:52:19.792 [Test worker] DEBUG org.springframework.test.context.support.ActiveProfilesUtils - Could not find an 'annotation declaring class' for annotation type [org.springframework.test.context.ActiveProfiles] and class [com.greenfoxacademy.webshop.WebshopApplicationTests]
14:52:19.870 [Test worker] DEBUG org.springframework.context.annotation.ClassPathScanningCandidateComponentProvider - Identified candidate component class: file [/home/dorka/greenfox/hackaton/couscous-hackathon/backend/build/classes/java/main/com/greenfoxacademy/webshop/WebshopApplication.class]
14:52:19.871 [Test worker] INFO org.springframework.boot.test.context.SpringBootTestContextBootstrapper - Found @SpringBootConfiguration com.greenfoxacademy.webshop.WebshopApplication for test class com.greenfoxacademy.webshop.WebshopApplicationTests
14:52:19.966 [Test worker] DEBUG org.springframework.boot.test.context.SpringBootTestContextBootstrapper - @TestExecutionListeners is not present for class [com.greenfoxacademy.webshop.WebshopApplicationTests]: using defaults.
14:52:19.967 [Test worker] INFO org.springframework.boot.test.context.SpringBootTestContextBootstrapper - Loaded default TestExecutionListener class names from location [META-INF/spring.factories]: [org.springframework.boot.test.autoconfigure.restdocs.RestDocsTestExecutionListener, org.springframework.boot.test.autoconfigure.web.client.MockRestServiceServerResetTestExecutionListener, org.springframework.boot.test.autoconfigure.web.servlet.MockMvcPrintOnlyOnFailureTestExecutionListener, org.springframework.boot.test.autoconfigure.web.servlet.WebDriverTestExecutionListener, org.springframework.boot.test.autoconfigure.webservices.client.MockWebServiceServerTestExecutionListener, org.springframework.boot.test.mock.mockito.MockitoTestExecutionListener, org.springframework.boot.test.mock.mockito.ResetMocksTestExecutionListener, org.springframework.test.context.web.ServletTestExecutionListener, org.springframework.test.context.support.DirtiesContextBeforeModesTestExecutionListener, org.springframework.test.context.event.ApplicationEventsTestExecutionListener, org.springframework.test.context.support.DependencyInjectionTestExecutionListener, org.springframework.test.context.support.DirtiesContextTestExecutionListener, org.springframework.test.context.transaction.TransactionalTestExecutionListener, org.springframework.test.context.jdbc.SqlScriptsTestExecutionListener, org.springframework.test.context.event.EventPublishingTestExecutionListener]
14:52:19.984 [Test worker] INFO org.springframework.boot.test.context.SpringBootTestContextBootstrapper - Using TestExecutionListeners: [org.springframework.test.context.web.ServletTestExecutionListener@33ef9bb1, org.springframework.test.context.support.DirtiesContextBeforeModesTestExecutionListener@45414d49, org.springframework.test.context.event.ApplicationEventsTestExecutionListener@51ba17fb, org.springframework.boot.test.mock.mockito.MockitoTestExecutionListener@34808ce1, org.springframework.boot.test.autoconfigure.SpringBootDependencyInjectionTestExecutionListener@7bfdbbd3, org.springframework.test.context.support.DirtiesContextTestExecutionListener@34198ae0, org.springframework.test.context.transaction.TransactionalTestExecutionListener@351d4657, org.springframework.test.context.jdbc.SqlScriptsTestExecutionListener@54a2391, org.springframework.test.context.event.EventPublishingTestExecutionListener@137f33c8, org.springframework.boot.test.autoconfigure.restdocs.RestDocsTestExecutionListener@6bc9e5cd, org.springframework.boot.test.autoconfigure.web.client.MockRestServiceServerResetTestExecutionListener@3439391d, org.springframework.boot.test.autoconfigure.web.servlet.MockMvcPrintOnlyOnFailureTestExecutionListener@60bbd2a0, org.springframework.boot.test.autoconfigure.web.servlet.WebDriverTestExecutionListener@a304c0c, org.springframework.boot.test.autoconfigure.webservices.client.MockWebServiceServerTestExecutionListener@2ef3270a, org.springframework.boot.test.mock.mockito.ResetMocksTestExecutionListener@537f0218]
14:52:19.990 [Test worker] DEBUG org.springframework.test.context.support.AbstractDirtiesContextTestExecutionListener - Before test class: context [DefaultTestContext@35f9c7a9 testClass = WebshopApplicationTests, testInstance = [null], testMethod = [null], testException = [null], mergedContextConfiguration = [WebMergedContextConfiguration@60c410d7 testClass = WebshopApplicationTests, locations = '{}', classes = '{class com.greenfoxacademy.webshop.WebshopApplication}', contextInitializerClasses = '[]', activeProfiles = '{}', propertySourceLocations = '{}', propertySourceProperties = '{org.springframework.boot.test.context.SpringBootTestContextBootstrapper=true}', contextCustomizers = set[org.springframework.boot.test.autoconfigure.actuate.metrics.MetricsExportContextCustomizerFactory$DisableMetricExportContextCustomizer@18497303, org.springframework.boot.test.autoconfigure.properties.PropertyMappingContextCustomizer@0, org.springframework.boot.test.autoconfigure.web.servlet.WebDriverContextCustomizerFactory$Customizer@2932d97d, org.springframework.boot.test.context.filter.ExcludeFilterContextCustomizer@78c30ab5, org.springframework.boot.test.json.DuplicateJsonObjectContextCustomizerFactory$DuplicateJsonObjectContextCustomizer@6e6fd3d6, org.springframework.boot.test.mock.mockito.MockitoContextCustomizer@0, org.springframework.boot.test.web.client.TestRestTemplateContextCustomizer@5ed25afe, org.springframework.boot.test.context.SpringBootTestArgs@1, org.springframework.boot.test.context.SpringBootTestWebEnvironment@593c5431], resourceBasePath = 'src/main/webapp', contextLoader = 'org.springframework.boot.test.context.SpringBootContextLoader', parent = [null]], attributes = map['org.springframework.test.context.web.ServletTestExecutionListener.activateListener' -> true]], class annotated with @DirtiesContext [false] with mode [null].
14:52:20.031 [Test worker] DEBUG org.springframework.test.context.support.TestPropertySourceUtils - Adding inlined properties to environment: {spring.jmx.enabled=false, org.springframework.boot.test.context.SpringBootTestContextBootstrapper=true}

  .   ____          _            __ _ _
 /\\ / ___'_ __ _ _(_)_ __  __ _ \ \ \ \
( ( )\___ | '_ | '_| | '_ \/ _` | \ \ \ \
 \\/  ___)| |_)| | | | | || (_| |  ) ) ) )
  '  |____| .__|_| |_|_| |_\__, | / / / /
 =========|_|==============|___/=/_/_/_/
 :: Spring Boot ::                (v2.4.5)

2021-04-26 14:52:20.481  INFO 21335 --- [    Test worker] c.g.webshop.WebshopApplicationTests      : Starting WebshopApplicationTests using Java 15.0.2 on DORKA-HP-250-G7-Notebook-PC with PID 21335 (started by dorka in /home/dorka/greenfox/hackaton/couscous-hackathon/backend)
2021-04-26 14:52:20.497  INFO 21335 --- [    Test worker] c.g.webshop.WebshopApplicationTests      : No active profile set, falling back to default profiles: default
2021-04-26 14:52:21.539  INFO 21335 --- [    Test worker] .s.d.r.c.RepositoryConfigurationDelegate : Multiple Spring Data modules found, entering strict repository configuration mode!
2021-04-26 14:52:21.541  INFO 21335 --- [    Test worker] .s.d.r.c.RepositoryConfigurationDelegate : Bootstrapping Spring Data JDBC repositories in DEFAULT mode.
2021-04-26 14:52:21.577  INFO 21335 --- [    Test worker] .RepositoryConfigurationExtensionSupport : Spring Data JDBC - Could not safely identify store assignment for repository candidate interface com.greenfoxacademy.webshop.repository.UserRepository. If you want this repository to be a JDBC repository, consider annotating your entities with one of these annotations: org.springframework.data.relational.core.mapping.Table.
2021-04-26 14:52:21.578  INFO 21335 --- [    Test worker] .s.d.r.c.RepositoryConfigurationDelegate : Finished Spring Data repository scanning in 32 ms. Found 0 JDBC repository interfaces.
2021-04-26 14:52:21.591  INFO 21335 --- [    Test worker] .s.d.r.c.RepositoryConfigurationDelegate : Multiple Spring Data modules found, entering strict repository configuration mode!
2021-04-26 14:52:21.592  INFO 21335 --- [    Test worker] .s.d.r.c.RepositoryConfigurationDelegate : Bootstrapping Spring Data JPA repositories in DEFAULT mode.
2021-04-26 14:52:21.623  INFO 21335 --- [    Test worker] .s.d.r.c.RepositoryConfigurationDelegate : Finished Spring Data repository scanning in 23 ms. Found 1 JPA repository interfaces.
2021-04-26 14:52:22.208  INFO 21335 --- [    Test worker] com.zaxxer.hikari.HikariDataSource       : HikariPool-1 - Starting...
2021-04-26 14:52:22.444  INFO 21335 --- [    Test worker] com.zaxxer.hikari.HikariDataSource       : HikariPool-1 - Start completed.
2021-04-26 14:52:22.516  INFO 21335 --- [    Test worker] o.hibernate.jpa.internal.util.LogHelper  : HHH000204: Processing PersistenceUnitInfo [name: default]
2021-04-26 14:52:22.577  INFO 21335 --- [    Test worker] org.hibernate.Version                    : HHH000412: Hibernate ORM core version 5.4.30.Final
2021-04-26 14:52:22.756  INFO 21335 --- [    Test worker] o.hibernate.annotations.common.Version   : HCANN000001: Hibernate Commons Annotations {5.1.2.Final}
2021-04-26 14:52:22.874  INFO 21335 --- [    Test worker] org.hibernate.dialect.Dialect            : HHH000400: Using dialect: org.hibernate.dialect.H2Dialect
2021-04-26 14:52:23.447  INFO 21335 --- [    Test worker] o.h.e.t.j.p.i.JtaPlatformInitiator       : HHH000490: Using JtaPlatform implementation: [org.hibernate.engine.transaction.jta.platform.internal.NoJtaPlatform]
2021-04-26 14:52:23.457  INFO 21335 --- [    Test worker] j.LocalContainerEntityManagerFactoryBean : Initialized JPA EntityManagerFactory for persistence unit 'default'
2021-04-26 14:52:23.820  WARN 21335 --- [    Test worker] JpaBaseConfiguration$JpaWebConfiguration : spring.jpa.open-in-view is enabled by default. Therefore, database queries may be performed during view rendering. Explicitly configure spring.jpa.open-in-view to disable this warning
2021-04-26 14:52:24.069  INFO 21335 --- [    Test worker] o.s.s.web.DefaultSecurityFilterChain     : Will secure any request with [org.springframework.security.web.context.request.async.WebAsyncManagerIntegrationFilter@43190324, org.springframework.security.web.context.SecurityContextPersistenceFilter@47037b88, org.springframework.security.web.header.HeaderWriterFilter@3225069, org.springframework.security.web.authentication.logout.LogoutFilter@67818fc7, com.greenfoxacademy.webshop.security.JwtRequestFilter@cb850c4, org.springframework.security.web.savedrequest.RequestCacheAwareFilter@3883197a, org.springframework.security.web.servletapi.SecurityContextHolderAwareRequestFilter@60b70ac0, org.springframework.security.web.authentication.AnonymousAuthenticationFilter@7a8e35ad, org.springframework.security.web.session.SessionManagementFilter@5218b42d, org.springframework.security.web.access.ExceptionTranslationFilter@6a2b552f, org.springframework.security.web.access.intercept.FilterSecurityInterceptor@4211b75c]
2021-04-26 14:52:24.445  INFO 21335 --- [    Test worker] o.s.s.concurrent.ThreadPoolTaskExecutor  : Initializing ExecutorService 'applicationTaskExecutor'
2021-04-26 14:52:24.823  INFO 21335 --- [    Test worker] c.g.webshop.WebshopApplicationTests      : Started WebshopApplicationTests in 4.783 seconds (JVM running for 6.426)
]]></system-out>
  <system-err><![CDATA[]]></system-err>
</testsuite>
