<?xml version="1.0" encoding="UTF-8"?>
<testsuite name="com.greenfoxacademy.webshop.WebshopApplicationTests" tests="1" skipped="0" failures="0" errors="0" timestamp="2021-04-26T10:50:35" hostname="DORKA-HP-250-G7-Notebook-PC" time="0.153">
  <properties/>
  <testcase name="contextLoads()" classname="com.greenfoxacademy.webshop.WebshopApplicationTests" time="0.153"/>
  <system-out><![CDATA[12:50:32.109 [Test worker] DEBUG org.springframework.test.context.BootstrapUtils - Instantiating CacheAwareContextLoaderDelegate from class [org.springframework.test.context.cache.DefaultCacheAwareContextLoaderDelegate]
12:50:32.123 [Test worker] DEBUG org.springframework.test.context.BootstrapUtils - Instantiating BootstrapContext using constructor [public org.springframework.test.context.support.DefaultBootstrapContext(java.lang.Class,org.springframework.test.context.CacheAwareContextLoaderDelegate)]
12:50:32.163 [Test worker] DEBUG org.springframework.test.context.BootstrapUtils - Instantiating TestContextBootstrapper for test class [com.greenfoxacademy.webshop.WebshopApplicationTests] from class [org.springframework.boot.test.context.SpringBootTestContextBootstrapper]
12:50:32.174 [Test worker] INFO org.springframework.boot.test.context.SpringBootTestContextBootstrapper - Neither @ContextConfiguration nor @ContextHierarchy found for test class [com.greenfoxacademy.webshop.WebshopApplicationTests], using SpringBootContextLoader
12:50:32.179 [Test worker] DEBUG org.springframework.test.context.support.AbstractContextLoader - Did not detect default resource location for test class [com.greenfoxacademy.webshop.WebshopApplicationTests]: class path resource [com/greenfoxacademy/webshop/WebshopApplicationTests-context.xml] does not exist
12:50:32.180 [Test worker] DEBUG org.springframework.test.context.support.AbstractContextLoader - Did not detect default resource location for test class [com.greenfoxacademy.webshop.WebshopApplicationTests]: class path resource [com/greenfoxacademy/webshop/WebshopApplicationTestsContext.groovy] does not exist
12:50:32.180 [Test worker] INFO org.springframework.test.context.support.AbstractContextLoader - Could not detect default resource locations for test class [com.greenfoxacademy.webshop.WebshopApplicationTests]: no resource found for suffixes {-context.xml, Context.groovy}.
12:50:32.181 [Test worker] INFO org.springframework.test.context.support.AnnotationConfigContextLoaderUtils - Could not detect default configuration classes for test class [com.greenfoxacademy.webshop.WebshopApplicationTests]: WebshopApplicationTests does not declare any static, non-private, non-final, nested classes annotated with @Configuration.
12:50:32.252 [Test worker] DEBUG org.springframework.test.context.support.ActiveProfilesUtils - Could not find an 'annotation declaring class' for annotation type [org.springframework.test.context.ActiveProfiles] and class [com.greenfoxacademy.webshop.WebshopApplicationTests]
12:50:32.310 [Test worker] DEBUG org.springframework.context.annotation.ClassPathScanningCandidateComponentProvider - Identified candidate component class: file [/home/dorka/greenfox/hackaton/couscous-hackathon/backend/build/classes/java/main/com/greenfoxacademy/webshop/WebshopApplication.class]
12:50:32.312 [Test worker] INFO org.springframework.boot.test.context.SpringBootTestContextBootstrapper - Found @SpringBootConfiguration com.greenfoxacademy.webshop.WebshopApplication for test class com.greenfoxacademy.webshop.WebshopApplicationTests
12:50:32.411 [Test worker] DEBUG org.springframework.boot.test.context.SpringBootTestContextBootstrapper - @TestExecutionListeners is not present for class [com.greenfoxacademy.webshop.WebshopApplicationTests]: using defaults.
12:50:32.412 [Test worker] INFO org.springframework.boot.test.context.SpringBootTestContextBootstrapper - Loaded default TestExecutionListener class names from location [META-INF/spring.factories]: [org.springframework.boot.test.autoconfigure.restdocs.RestDocsTestExecutionListener, org.springframework.boot.test.autoconfigure.web.client.MockRestServiceServerResetTestExecutionListener, org.springframework.boot.test.autoconfigure.web.servlet.MockMvcPrintOnlyOnFailureTestExecutionListener, org.springframework.boot.test.autoconfigure.web.servlet.WebDriverTestExecutionListener, org.springframework.boot.test.autoconfigure.webservices.client.MockWebServiceServerTestExecutionListener, org.springframework.boot.test.mock.mockito.MockitoTestExecutionListener, org.springframework.boot.test.mock.mockito.ResetMocksTestExecutionListener, org.springframework.test.context.web.ServletTestExecutionListener, org.springframework.test.context.support.DirtiesContextBeforeModesTestExecutionListener, org.springframework.test.context.event.ApplicationEventsTestExecutionListener, org.springframework.test.context.support.DependencyInjectionTestExecutionListener, org.springframework.test.context.support.DirtiesContextTestExecutionListener, org.springframework.test.context.transaction.TransactionalTestExecutionListener, org.springframework.test.context.jdbc.SqlScriptsTestExecutionListener, org.springframework.test.context.event.EventPublishingTestExecutionListener]
12:50:32.430 [Test worker] INFO org.springframework.boot.test.context.SpringBootTestContextBootstrapper - Using TestExecutionListeners: [org.springframework.test.context.web.ServletTestExecutionListener@38a769c4, org.springframework.test.context.support.DirtiesContextBeforeModesTestExecutionListener@1a57e270, org.springframework.test.context.event.ApplicationEventsTestExecutionListener@3d6f0fa1, org.springframework.boot.test.mock.mockito.MockitoTestExecutionListener@4c224300, org.springframework.boot.test.autoconfigure.SpringBootDependencyInjectionTestExecutionListener@4fc8ea09, org.springframework.test.context.support.DirtiesContextTestExecutionListener@6a29c5e2, org.springframework.test.context.transaction.TransactionalTestExecutionListener@2ffecd01, org.springframework.test.context.jdbc.SqlScriptsTestExecutionListener@719ab1bd, org.springframework.test.context.event.EventPublishingTestExecutionListener@790a8525, org.springframework.boot.test.autoconfigure.restdocs.RestDocsTestExecutionListener@5da85933, org.springframework.boot.test.autoconfigure.web.client.MockRestServiceServerResetTestExecutionListener@4e71142, org.springframework.boot.test.autoconfigure.web.servlet.MockMvcPrintOnlyOnFailureTestExecutionListener@20545f3a, org.springframework.boot.test.autoconfigure.web.servlet.WebDriverTestExecutionListener@d5ac5b8, org.springframework.boot.test.autoconfigure.webservices.client.MockWebServiceServerTestExecutionListener@12a474e1, org.springframework.boot.test.mock.mockito.ResetMocksTestExecutionListener@2ef51af6]
12:50:32.433 [Test worker] DEBUG org.springframework.test.context.support.AbstractDirtiesContextTestExecutionListener - Before test class: context [DefaultTestContext@17a4d6bc testClass = WebshopApplicationTests, testInstance = [null], testMethod = [null], testException = [null], mergedContextConfiguration = [WebMergedContextConfiguration@4f6b1f7f testClass = WebshopApplicationTests, locations = '{}', classes = '{class com.greenfoxacademy.webshop.WebshopApplication}', contextInitializerClasses = '[]', activeProfiles = '{}', propertySourceLocations = '{}', propertySourceProperties = '{org.springframework.boot.test.context.SpringBootTestContextBootstrapper=true}', contextCustomizers = set[org.springframework.boot.test.autoconfigure.actuate.metrics.MetricsExportContextCustomizerFactory$DisableMetricExportContextCustomizer@736714a3, org.springframework.boot.test.autoconfigure.properties.PropertyMappingContextCustomizer@0, org.springframework.boot.test.autoconfigure.web.servlet.WebDriverContextCustomizerFactory$Customizer@143b65fc, org.springframework.boot.test.context.filter.ExcludeFilterContextCustomizer@348acbf5, org.springframework.boot.test.json.DuplicateJsonObjectContextCustomizerFactory$DuplicateJsonObjectContextCustomizer@412a4a9, org.springframework.boot.test.mock.mockito.MockitoContextCustomizer@0, org.springframework.boot.test.web.client.TestRestTemplateContextCustomizer@698b5f82, org.springframework.boot.test.context.SpringBootTestArgs@1, org.springframework.boot.test.context.SpringBootTestWebEnvironment@7d6b348d], resourceBasePath = 'src/main/webapp', contextLoader = 'org.springframework.boot.test.context.SpringBootContextLoader', parent = [null]], attributes = map['org.springframework.test.context.web.ServletTestExecutionListener.activateListener' -> true]], class annotated with @DirtiesContext [false] with mode [null].
12:50:32.460 [Test worker] DEBUG org.springframework.test.context.support.TestPropertySourceUtils - Adding inlined properties to environment: {spring.jmx.enabled=false, org.springframework.boot.test.context.SpringBootTestContextBootstrapper=true}

  .   ____          _            __ _ _
 /\\ / ___'_ __ _ _(_)_ __  __ _ \ \ \ \
( ( )\___ | '_ | '_| | '_ \/ _` | \ \ \ \
 \\/  ___)| |_)| | | | | || (_| |  ) ) ) )
  '  |____| .__|_| |_|_| |_\__, | / / / /
 =========|_|==============|___/=/_/_/_/
 :: Spring Boot ::                (v2.4.5)

2021-04-26 12:50:32.701  INFO 19043 --- [    Test worker] c.g.webshop.WebshopApplicationTests      : Starting WebshopApplicationTests using Java 11.0.10 on DORKA-HP-250-G7-Notebook-PC with PID 19043 (started by dorka in /home/dorka/greenfox/hackaton/couscous-hackathon/backend)
2021-04-26 12:50:32.705  INFO 19043 --- [    Test worker] c.g.webshop.WebshopApplicationTests      : No active profile set, falling back to default profiles: default
2021-04-26 12:50:33.264  INFO 19043 --- [    Test worker] .s.d.r.c.RepositoryConfigurationDelegate : Multiple Spring Data modules found, entering strict repository configuration mode!
2021-04-26 12:50:33.265  INFO 19043 --- [    Test worker] .s.d.r.c.RepositoryConfigurationDelegate : Bootstrapping Spring Data JDBC repositories in DEFAULT mode.
2021-04-26 12:50:33.273  INFO 19043 --- [    Test worker] .s.d.r.c.RepositoryConfigurationDelegate : Finished Spring Data repository scanning in 4 ms. Found 0 JDBC repository interfaces.
2021-04-26 12:50:33.282  INFO 19043 --- [    Test worker] .s.d.r.c.RepositoryConfigurationDelegate : Multiple Spring Data modules found, entering strict repository configuration mode!
2021-04-26 12:50:33.283  INFO 19043 --- [    Test worker] .s.d.r.c.RepositoryConfigurationDelegate : Bootstrapping Spring Data JPA repositories in DEFAULT mode.
2021-04-26 12:50:33.287  INFO 19043 --- [    Test worker] .s.d.r.c.RepositoryConfigurationDelegate : Finished Spring Data repository scanning in 1 ms. Found 0 JPA repository interfaces.
2021-04-26 12:50:33.692  INFO 19043 --- [    Test worker] com.zaxxer.hikari.HikariDataSource       : HikariPool-1 - Starting...
2021-04-26 12:50:33.839  INFO 19043 --- [    Test worker] com.zaxxer.hikari.HikariDataSource       : HikariPool-1 - Start completed.
2021-04-26 12:50:33.896  INFO 19043 --- [    Test worker] o.hibernate.jpa.internal.util.LogHelper  : HHH000204: Processing PersistenceUnitInfo [name: default]
2021-04-26 12:50:33.943  INFO 19043 --- [    Test worker] org.hibernate.Version                    : HHH000412: Hibernate ORM core version 5.4.30.Final
2021-04-26 12:50:34.076  INFO 19043 --- [    Test worker] o.hibernate.annotations.common.Version   : HCANN000001: Hibernate Commons Annotations {5.1.2.Final}
2021-04-26 12:50:34.164  INFO 19043 --- [    Test worker] org.hibernate.dialect.Dialect            : HHH000400: Using dialect: org.hibernate.dialect.H2Dialect
2021-04-26 12:50:34.342  INFO 19043 --- [    Test worker] o.h.e.t.j.p.i.JtaPlatformInitiator       : HHH000490: Using JtaPlatform implementation: [org.hibernate.engine.transaction.jta.platform.internal.NoJtaPlatform]
2021-04-26 12:50:34.351  INFO 19043 --- [    Test worker] j.LocalContainerEntityManagerFactoryBean : Initialized JPA EntityManagerFactory for persistence unit 'default'
2021-04-26 12:50:34.550  WARN 19043 --- [    Test worker] JpaBaseConfiguration$JpaWebConfiguration : spring.jpa.open-in-view is enabled by default. Therefore, database queries may be performed during view rendering. Explicitly configure spring.jpa.open-in-view to disable this warning
2021-04-26 12:50:34.734  INFO 19043 --- [    Test worker] o.s.s.concurrent.ThreadPoolTaskExecutor  : Initializing ExecutorService 'applicationTaskExecutor'
2021-04-26 12:50:35.098  INFO 19043 --- [    Test worker] c.g.webshop.WebshopApplicationTests      : Started WebshopApplicationTests in 2.631 seconds (JVM running for 3.655)
]]></system-out>
  <system-err><![CDATA[]]></system-err>
</testsuite>
